2011/07/03 20:46:13 [error] [system.db.CDbCommand] CDbCommand::fetchAll() failed: SQLSTATE[42S02]: Base table or view not found: 1146 Table 'ninjalearning_dev.users' doesn't exist. The SQL statement executed was: SHOW COLUMNS FROM `users`.
in /var/www/ninjalearning/index.php (13)
2011/07/03 20:46:56 [error] [system.db.CDbCommand] CDbCommand::fetchAll() failed: SQLSTATE[42S02]: Base table or view not found: 1146 Table 'ninjalearning_dev.users' doesn't exist. The SQL statement executed was: SHOW COLUMNS FROM `users`.
in /var/www/ninjalearning/index.php (13)
2011/07/03 20:47:57 [error] [system.db.CDbCommand] CDbCommand::fetchAll() failed: SQLSTATE[42S02]: Base table or view not found: 1146 Table 'ninjalearning_dev.users' doesn't exist. The SQL statement executed was: SHOW COLUMNS FROM `users`.
in /var/www/ninjalearning/index.php (13)
2011/07/04 20:31:40 [error] [exception.CHttpException.400] exception 'CHttpException' with message 'Your request is invalid.' in /var/www/yii/framework/web/CController.php:328
Stack trace:
#0 /var/www/yii/framework/web/CController.php(301): CController->invalidActionParams(Object(CInlineAction))
#1 /var/www/yii/framework/web/filters/CFilterChain.php(134): CController->runAction(Object(CInlineAction))
#2 /var/www/yii/framework/web/filters/CFilter.php(41): CFilterChain->run()
#3 /var/www/yii/framework/web/CController.php(1144): CFilter->filter(Object(CFilterChain))
#4 /var/www/yii/framework/web/filters/CInlineFilter.php(59): CController->filterAccessControl(Object(CFilterChain))
#5 /var/www/yii/framework/web/filters/CFilterChain.php(131): CInlineFilter->filter(Object(CFilterChain))
#6 /var/www/yii/framework/web/CController.php(283): CFilterChain->run()
#7 /var/www/yii/framework/web/CController.php(257): CController->runActionWithFilters(Object(CInlineAction), Array)
#8 /var/www/yii/framework/web/CWebApplication.php(277): CController->run('view')
#9 /var/www/yii/framework/web/CWebApplication.php(136): CWebApplication->runController('user/view')
#10 /var/www/yii/framework/base/CApplication.php(158): CWebApplication->processRequest()
#11 /var/www/ninjalearning/index.php(13): CApplication->run()
#12 {main} REQUEST_URI=/ninjalearning/index.php?r=user/view
2011/07/04 20:32:26 [error] [exception.CHttpException.404] exception 'CHttpException' with message 'Unable to resolve the request "tut".' in /var/www/yii/framework/web/CWebApplication.php:281
Stack trace:
#0 /var/www/yii/framework/web/CWebApplication.php(136): CWebApplication->runController('tut')
#1 /var/www/yii/framework/base/CApplication.php(158): CWebApplication->processRequest()
#2 /var/www/ninjalearning/index.php(13): CApplication->run()
#3 {main} REQUEST_URI=/ninjalearning/index.php?r=tut
2011/07/04 21:57:53 [error] [php] include(CHhtml.php) [<a href='function.include'>function.include</a>]: failed to open stream: No such file or directory (/var/www/yii/framework/YiiBase.php:421)
Stack trace:
#0 /var/www/ninjalearning/protected/views/site/index.php(6): spl_autoload_call()
#1 /var/www/yii/framework/web/CBaseController.php(119): require()
#2 /var/www/yii/framework/web/CBaseController.php(88): SiteController->renderInternal()
#3 /var/www/yii/framework/web/CController.php(866): SiteController->renderFile()
#4 /var/www/yii/framework/web/CController.php(779): SiteController->renderPartial()
#5 /var/www/ninjalearning/protected/controllers/SiteController.php(32): SiteController->render()
#6 /var/www/yii/framework/web/actions/CInlineAction.php(50): SiteController->actionIndex()
#7 /var/www/yii/framework/web/CController.php(300): CInlineAction->runWithParams()
#8 /var/www/yii/framework/web/CController.php(278): SiteController->runAction()
#9 /var/www/yii/framework/web/CController.php(257): SiteController->runActionWithFilters()
#10 /var/www/yii/framework/web/CWebApplication.php(277): SiteController->run()
#11 /var/www/yii/framework/web/CWebApplication.php(136): CWebApplication->runController()
#12 /var/www/yii/framework/base/CApplication.php(158): CWebApplication->processRequest()
#13 /var/www/ninjalearning/index.php(13): CWebApplication->run()
REQUEST_URI=/ninjalearning/
in /var/www/ninjalearning/protected/views/site/index.php (6)
in /var/www/ninjalearning/protected/controllers/SiteController.php (32)
in /var/www/ninjalearning/index.php (13)
2011/07/04 21:58:40 [error] [php] include(CHhtml.php) [<a href='function.include'>function.include</a>]: failed to open stream: No such file or directory (/var/www/yii/framework/YiiBase.php:421)
Stack trace:
#0 /var/www/ninjalearning/protected/views/site/index.php(6): spl_autoload_call()
#1 /var/www/yii/framework/web/CBaseController.php(119): require()
#2 /var/www/yii/framework/web/CBaseController.php(88): SiteController->renderInternal()
#3 /var/www/yii/framework/web/CController.php(866): SiteController->renderFile()
#4 /var/www/yii/framework/web/CController.php(779): SiteController->renderPartial()
#5 /var/www/ninjalearning/protected/controllers/SiteController.php(32): SiteController->render()
#6 /var/www/yii/framework/web/actions/CInlineAction.php(50): SiteController->actionIndex()
#7 /var/www/yii/framework/web/CController.php(300): CInlineAction->runWithParams()
#8 /var/www/yii/framework/web/CController.php(278): SiteController->runAction()
#9 /var/www/yii/framework/web/CController.php(257): SiteController->runActionWithFilters()
#10 /var/www/yii/framework/web/CWebApplication.php(277): SiteController->run()
#11 /var/www/yii/framework/web/CWebApplication.php(136): CWebApplication->runController()
#12 /var/www/yii/framework/base/CApplication.php(158): CWebApplication->processRequest()
#13 /var/www/ninjalearning/index.php(13): CWebApplication->run()
REQUEST_URI=/ninjalearning/
in /var/www/ninjalearning/protected/views/site/index.php (6)
in /var/www/ninjalearning/protected/controllers/SiteController.php (32)
in /var/www/ninjalearning/index.php (13)
2011/07/04 21:59:41 [error] [php] include(CHhtml.php) [<a href='function.include'>function.include</a>]: failed to open stream: No such file or directory (/var/www/yii/framework/YiiBase.php:421)
Stack trace:
#0 /var/www/ninjalearning/protected/views/site/index.php(7): spl_autoload_call()
#1 /var/www/yii/framework/web/CBaseController.php(119): require()
#2 /var/www/yii/framework/web/CBaseController.php(88): SiteController->renderInternal()
#3 /var/www/yii/framework/web/CController.php(866): SiteController->renderFile()
#4 /var/www/yii/framework/web/CController.php(779): SiteController->renderPartial()
#5 /var/www/ninjalearning/protected/controllers/SiteController.php(32): SiteController->render()
#6 /var/www/yii/framework/web/actions/CInlineAction.php(50): SiteController->actionIndex()
#7 /var/www/yii/framework/web/CController.php(300): CInlineAction->runWithParams()
#8 /var/www/yii/framework/web/CController.php(278): SiteController->runAction()
#9 /var/www/yii/framework/web/CController.php(257): SiteController->runActionWithFilters()
#10 /var/www/yii/framework/web/CWebApplication.php(277): SiteController->run()
#11 /var/www/yii/framework/web/CWebApplication.php(136): CWebApplication->runController()
#12 /var/www/yii/framework/base/CApplication.php(158): CWebApplication->processRequest()
#13 /var/www/ninjalearning/index.php(13): CWebApplication->run()
REQUEST_URI=/ninjalearning/
in /var/www/ninjalearning/protected/views/site/index.php (7)
in /var/www/ninjalearning/protected/controllers/SiteController.php (32)
in /var/www/ninjalearning/index.php (13)
2011/07/13 23:38:11 [error] [php] Undefined index: text (/var/www/ninjalearning/protected/models/Tutorial.php:123)
Stack trace:
#0 /var/www/yii/framework/web/actions/CInlineAction.php(50): TutorialController->actionCreate()
#1 /var/www/yii/framework/web/CController.php(300): CInlineAction->runWithParams()
#2 /var/www/yii/framework/web/filters/CFilterChain.php(134): TutorialController->runAction()
#3 /var/www/yii/framework/web/filters/CFilter.php(41): CFilterChain->run()
#4 /var/www/yii/framework/web/CController.php(1144): CAccessControlFilter->filter()
#5 /var/www/yii/framework/web/filters/CInlineFilter.php(59): TutorialController->filterAccessControl()
#6 /var/www/yii/framework/web/filters/CFilterChain.php(131): CInlineFilter->filter()
#7 /var/www/yii/framework/web/CController.php(283): CFilterChain->run()
#8 /var/www/yii/framework/web/CController.php(257): TutorialController->runActionWithFilters()
#9 /var/www/yii/framework/web/CWebApplication.php(277): TutorialController->run()
#10 /var/www/yii/framework/web/CWebApplication.php(136): CWebApplication->runController()
#11 /var/www/yii/framework/base/CApplication.php(158): CWebApplication->processRequest()
#12 /var/www/ninjalearning/index.php(13): CWebApplication->run()
REQUEST_URI=/ninjalearning/index.php?r=tutorial/create
in /var/www/ninjalearning/protected/models/Tutorial.php (123)
in /var/www/ninjalearning/protected/models/Tutorial.php (137)
in /var/www/ninjalearning/protected/controllers/TutorialController.php (74)
2011/07/13 23:44:44 [error] [exception.CHttpException.404] exception 'CHttpException' with message 'Unable to resolve the request "chapters".' in /var/www/yii/framework/web/CWebApplication.php:281
Stack trace:
#0 /var/www/yii/framework/web/CWebApplication.php(136): CWebApplication->runController('chapters')
#1 /var/www/yii/framework/base/CApplication.php(158): CWebApplication->processRequest()
#2 /var/www/ninjalearning/index.php(13): CApplication->run()
#3 {main} REQUEST_URI=/ninjalearning/index.php?r=chapters
2011/07/13 23:45:16 [error] [exception.CHttpException.404] exception 'CHttpException' with message 'Unable to resolve the request "chapters".' in /var/www/yii/framework/web/CWebApplication.php:281
Stack trace:
#0 /var/www/yii/framework/web/CWebApplication.php(136): CWebApplication->runController('chapters')
#1 /var/www/yii/framework/base/CApplication.php(158): CWebApplication->processRequest()
#2 /var/www/ninjalearning/index.php(13): CApplication->run()
#3 {main} REQUEST_URI=/ninjalearning/index.php?r=chapters
2011/07/13 23:56:10 [error] [php] file_get_contents(http://www.yiiframework.com/doc/guide/) [<a href='function.file-get-contents'>function.file-get-contents</a>]: failed to open stream: HTTP request failed! HTTP/1.1 400 Bad Request
 (/var/www/ninjalearning/protected/models/WebCrawler.php:101)
Stack trace:
#0 /var/www/ninjalearning/protected/models/WebCrawler.php(179): WebCrawler->getATags()
#1 /var/www/ninjalearning/protected/models/Tutorial.php(117): WebCrawler->getSubLinks()
#2 /var/www/ninjalearning/protected/models/Tutorial.php(150): Tutorial->tutorialWebCrawler()
#3 /var/www/ninjalearning/protected/controllers/TutorialController.php(74): Tutorial->save()
#4 /var/www/yii/framework/web/actions/CInlineAction.php(50): TutorialController->actionCreate()
#5 /var/www/yii/framework/web/CController.php(300): CInlineAction->runWithParams()
#6 /var/www/yii/framework/web/filters/CFilterChain.php(134): TutorialController->runAction()
#7 /var/www/yii/framework/web/filters/CFilter.php(41): CFilterChain->run()
#8 /var/www/yii/framework/web/CController.php(1144): CAccessControlFilter->filter()
#9 /var/www/yii/framework/web/filters/CInlineFilter.php(59): TutorialController->filterAccessControl()
#10 /var/www/yii/framework/web/filters/CFilterChain.php(131): CInlineFilter->filter()
#11 /var/www/yii/framework/web/CController.php(283): CFilterChain->run()
#12 /var/www/yii/framework/web/CController.php(257): TutorialController->runActionWithFilters()
#13 /var/www/yii/framework/web/CWebApplication.php(277): TutorialController->run()
#14 /var/www/yii/framework/web/CWebApplication.php(136): CWebApplication->runController()
#15 /var/www/yii/framework/base/CApplication.php(158): CWebApplication->processRequest()
#16 /var/www/ninjalearning/index.php(13): CWebApplication->run()
REQUEST_URI=/ninjalearning/index.php?r=tutorial/create
in /var/www/ninjalearning/protected/models/WebCrawler.php (101)
in /var/www/ninjalearning/protected/models/WebCrawler.php (133)
in /var/www/ninjalearning/protected/models/WebCrawler.php (179)
2011/08/03 15:14:16 [error] [exception.Exception] exception 'Exception' with message 'Error saving Tutorial: array (
  'user_id' => 
  array (
    0 => 'User cannot be blank.',
  ),
)' in /var/www/ninjalearning/protected/models/Tutorial.php:150
Stack trace:
#0 /var/www/ninjalearning/protected/controllers/TutorialController.php(74): Tutorial->save()
#1 /var/www/yii/framework/web/actions/CInlineAction.php(50): TutorialController->actionCreate()
#2 /var/www/yii/framework/web/CController.php(300): CInlineAction->runWithParams(Array)
#3 /var/www/yii/framework/web/filters/CFilterChain.php(134): CController->runAction(Object(CInlineAction))
#4 /var/www/yii/framework/web/filters/CFilter.php(41): CFilterChain->run()
#5 /var/www/yii/framework/web/CController.php(1144): CFilter->filter(Object(CFilterChain))
#6 /var/www/yii/framework/web/filters/CInlineFilter.php(59): CController->filterAccessControl(Object(CFilterChain))
#7 /var/www/yii/framework/web/filters/CFilterChain.php(131): CInlineFilter->filter(Object(CFilterChain))
#8 /var/www/yii/framework/web/CController.php(283): CFilterChain->run()
#9 /var/www/yii/framework/web/CController.php(257): CController->runActionWithFilters(Object(CInlineAction), Array)
#10 /var/www/yii/framework/web/CWebApplication.php(277): CController->run('create')
#11 /var/www/yii/framework/web/CWebApplication.php(136): CWebApplication->runController('tutorial/create')
#12 /var/www/yii/framework/base/CApplication.php(158): CWebApplication->processRequest()
#13 /var/www/ninjalearning/index.php(13): CApplication->run()
#14 {main} REQUEST_URI=/ninjalearning/index.php?r=tutorial/create
2011/08/03 15:16:09 [error] [exception.Exception] exception 'Exception' with message 'Error saving Tutorial: array (
  'accessed' => 
  array (
    0 => 'Accessed cannot be blank.',
  ),
  'created_at' => 
  array (
    0 => 'Created At cannot be blank.',
  ),
)' in /var/www/ninjalearning/protected/models/Tutorial.php:152
Stack trace:
#0 /var/www/ninjalearning/protected/controllers/TutorialController.php(74): Tutorial->save()
#1 /var/www/yii/framework/web/actions/CInlineAction.php(50): TutorialController->actionCreate()
#2 /var/www/yii/framework/web/CController.php(300): CInlineAction->runWithParams(Array)
#3 /var/www/yii/framework/web/filters/CFilterChain.php(134): CController->runAction(Object(CInlineAction))
#4 /var/www/yii/framework/web/filters/CFilter.php(41): CFilterChain->run()
#5 /var/www/yii/framework/web/CController.php(1144): CFilter->filter(Object(CFilterChain))
#6 /var/www/yii/framework/web/filters/CInlineFilter.php(59): CController->filterAccessControl(Object(CFilterChain))
#7 /var/www/yii/framework/web/filters/CFilterChain.php(131): CInlineFilter->filter(Object(CFilterChain))
#8 /var/www/yii/framework/web/CController.php(283): CFilterChain->run()
#9 /var/www/yii/framework/web/CController.php(257): CController->runActionWithFilters(Object(CInlineAction), Array)
#10 /var/www/yii/framework/web/CWebApplication.php(277): CController->run('create')
#11 /var/www/yii/framework/web/CWebApplication.php(136): CWebApplication->runController('tutorial/create')
#12 /var/www/yii/framework/base/CApplication.php(158): CWebApplication->processRequest()
#13 /var/www/ninjalearning/index.php(13): CApplication->run()
#14 {main} REQUEST_URI=/ninjalearning/index.php?r=tutorial/create
2011/08/03 15:17:55 [error] [exception.CHttpException.404] exception 'CHttpException' with message 'Unable to resolve the request "c".' in /var/www/yii/framework/web/CWebApplication.php:281
Stack trace:
#0 /var/www/yii/framework/web/CWebApplication.php(136): CWebApplication->runController('c')
#1 /var/www/yii/framework/base/CApplication.php(158): CWebApplication->processRequest()
#2 /var/www/ninjalearning/index.php(13): CApplication->run()
#3 {main} REQUEST_URI=/ninjalearning/index.php?r=c
2011/08/03 15:17:55 [error] [exception.CHttpException.404] exception 'CHttpException' with message 'Unable to resolve the request "ch".' in /var/www/yii/framework/web/CWebApplication.php:281
Stack trace:
#0 /var/www/yii/framework/web/CWebApplication.php(136): CWebApplication->runController('ch')
#1 /var/www/yii/framework/base/CApplication.php(158): CWebApplication->processRequest()
#2 /var/www/ninjalearning/index.php(13): CApplication->run()
#3 {main} REQUEST_URI=/ninjalearning/index.php?r=ch
2011/08/03 15:17:55 [error] [exception.CHttpException.404] exception 'CHttpException' with message 'Unable to resolve the request "chap".' in /var/www/yii/framework/web/CWebApplication.php:281
Stack trace:
#0 /var/www/yii/framework/web/CWebApplication.php(136): CWebApplication->runController('chap')
#1 /var/www/yii/framework/base/CApplication.php(158): CWebApplication->processRequest()
#2 /var/www/ninjalearning/index.php(13): CApplication->run()
#3 {main} REQUEST_URI=/ninjalearning/index.php?r=chap
2011/08/03 15:17:56 [error] [exception.CHttpException.404] exception 'CHttpException' with message 'Unable to resolve the request "chapters".' in /var/www/yii/framework/web/CWebApplication.php:281
Stack trace:
#0 /var/www/yii/framework/web/CWebApplication.php(136): CWebApplication->runController('chapters')
#1 /var/www/yii/framework/base/CApplication.php(158): CWebApplication->processRequest()
#2 /var/www/ninjalearning/index.php(13): CApplication->run()
#3 {main} REQUEST_URI=/ninjalearning/index.php?r=chapters
2011/08/03 15:34:03 [error] [php] Missing argument 1 for TutorialController::loadModel(), called in /var/www/ninjalearning/protected/controllers/TutorialController.php on line 56 and defined (/var/www/ninjalearning/protected/controllers/TutorialController.php:169)
Stack trace:
#0 /var/www/yii/framework/web/actions/CAction.php(104): ReflectionMethod->invokeArgs()
#1 /var/www/yii/framework/web/actions/CInlineAction.php(48): CInlineAction->runWithParamsInternal()
#2 /var/www/yii/framework/web/CController.php(300): CInlineAction->runWithParams()
#3 /var/www/yii/framework/web/filters/CFilterChain.php(134): TutorialController->runAction()
#4 /var/www/yii/framework/web/filters/CFilter.php(41): CFilterChain->run()
#5 /var/www/yii/framework/web/CController.php(1144): CAccessControlFilter->filter()
#6 /var/www/yii/framework/web/filters/CInlineFilter.php(59): TutorialController->filterAccessControl()
#7 /var/www/yii/framework/web/filters/CFilterChain.php(131): CInlineFilter->filter()
#8 /var/www/yii/framework/web/CController.php(283): CFilterChain->run()
#9 /var/www/yii/framework/web/CController.php(257): TutorialController->runActionWithFilters()
#10 /var/www/yii/framework/web/CWebApplication.php(277): TutorialController->run()
#11 /var/www/yii/framework/web/CWebApplication.php(136): CWebApplication->runController()
#12 /var/www/yii/framework/base/CApplication.php(158): CWebApplication->processRequest()
#13 /var/www/ninjalearning/index.php(13): CWebApplication->run()
REQUEST_URI=/ninjalearning/index.php?r=tutorial/view&id=1
in /var/www/ninjalearning/protected/controllers/TutorialController.php (169)
in /var/www/ninjalearning/protected/controllers/TutorialController.php (56)
in /var/www/ninjalearning/index.php (13)
2011/08/03 15:41:21 [error] [exception.CException] exception 'CException' with message 'Property "CListView.itemview" is not defined.' in /var/www/yii/framework/base/CComponent.php:174
Stack trace:
#0 /var/www/yii/framework/web/CWidgetFactory.php(162): CComponent->__set('itemview', '/issue/_view')
#1 /var/www/yii/framework/web/CBaseController.php(139): CWidgetFactory->createWidget(Object(TutorialController), 'zii.widgets.CLi...', Array)
#2 /var/www/yii/framework/web/CBaseController.php(165): CBaseController->createWidget('zii.widgets.CLi...', Array)
#3 /var/www/ninjalearning/protected/views/tutorial/view.php(36): CBaseController->widget('zii.widgets.CLi...', Array)
#4 /var/www/yii/framework/web/CBaseController.php(119): require('/var/www/ninjal...')
#5 /var/www/yii/framework/web/CBaseController.php(88): CBaseController->renderInternal('/var/www/ninjal...', Array, true)
#6 /var/www/yii/framework/web/CController.php(866): CBaseController->renderFile('/var/www/ninjal...', Array, true)
#7 /var/www/yii/framework/web/CController.php(779): CController->renderPartial('view', Array, true)
#8 /var/www/ninjalearning/protected/controllers/TutorialController.php(66): CController->render('view', Array)
#9 [internal function]: TutorialController->actionView('59')
#10 /var/www/yii/framework/web/actions/CAction.php(104): ReflectionMethod->invokeArgs(Object(TutorialController), Array)
#11 /var/www/yii/framework/web/actions/CInlineAction.php(48): CAction->runWithParamsInternal(Object(TutorialController), Object(ReflectionMethod), Array)
#12 /var/www/yii/framework/web/CController.php(300): CInlineAction->runWithParams(Array)
#13 /var/www/yii/framework/web/filters/CFilterChain.php(134): CController->runAction(Object(CInlineAction))
#14 /var/www/yii/framework/web/filters/CFilter.php(41): CFilterChain->run()
#15 /var/www/yii/framework/web/CController.php(1144): CFilter->filter(Object(CFilterChain))
#16 /var/www/yii/framework/web/filters/CInlineFilter.php(59): CController->filterAccessControl(Object(CFilterChain))
#17 /var/www/yii/framework/web/filters/CFilterChain.php(131): CInlineFilter->filter(Object(CFilterChain))
#18 /var/www/yii/framework/web/CController.php(283): CFilterChain->run()
#19 /var/www/yii/framework/web/CController.php(257): CController->runActionWithFilters(Object(CInlineAction), Array)
#20 /var/www/yii/framework/web/CWebApplication.php(277): CController->run('view')
#21 /var/www/yii/framework/web/CWebApplication.php(136): CWebApplication->runController('tutorial/view')
#22 /var/www/yii/framework/base/CApplication.php(158): CWebApplication->processRequest()
#23 /var/www/ninjalearning/index.php(13): CApplication->run()
#24 {main} REQUEST_URI=/ninjalearning/index.php?r=tutorial/view&id=59
2011/08/03 15:42:04 [error] [system.db.CDbCommand] CDbCommand::fetchColumn() failed: SQLSTATE[42S22]: Column not found: 1054 Unknown column 'chapter_id' in 'where clause'. The SQL statement executed was: SELECT COUNT(*) FROM `tbl_chapters` `t` WHERE chapter_id=:chapterId.
in /var/www/ninjalearning/protected/views/tutorial/view.php (36)
in /var/www/ninjalearning/protected/controllers/TutorialController.php (66)
in /var/www/ninjalearning/index.php (13)
2011/08/03 15:42:04 [error] [exception.CDbException] exception 'CDbException' with message 'CDbCommand failed to execute the SQL statement: SQLSTATE[42S22]: Column not found: 1054 Unknown column 'chapter_id' in 'where clause'. The SQL statement executed was: SELECT COUNT(*) FROM `tbl_chapters` `t` WHERE chapter_id=:chapterId' in /var/www/yii/framework/db/CDbCommand.php:516
Stack trace:
#0 /var/www/yii/framework/db/CDbCommand.php(411): CDbCommand->queryInternal('fetchColumn', 0, Array)
#1 /var/www/yii/framework/db/ar/CActiveRecord.php(1540): CDbCommand->queryScalar()
#2 /var/www/yii/framework/web/CActiveDataProvider.php(176): CActiveRecord->count(Object(CDbCriteria))
#3 /var/www/yii/framework/web/CDataProvider.php(184): CActiveDataProvider->calculateTotalItemCount()
#4 /var/www/yii/framework/web/CActiveDataProvider.php(126): CDataProvider->getTotalItemCount()
#5 /var/www/yii/framework/web/CDataProvider.php(128): CActiveDataProvider->fetchData()
#6 /var/www/yii/framework/zii/widgets/CBaseListView.php(105): CDataProvider->getData()
#7 /var/www/yii/framework/zii/widgets/CListView.php(173): CBaseListView->init()
#8 /var/www/yii/framework/web/CBaseController.php(140): CListView->init()
#9 /var/www/yii/framework/web/CBaseController.php(165): CBaseController->createWidget('zii.widgets.CLi...', Array)
#10 /var/www/ninjalearning/protected/views/tutorial/view.php(36): CBaseController->widget('zii.widgets.CLi...', Array)
#11 /var/www/yii/framework/web/CBaseController.php(119): require('/var/www/ninjal...')
#12 /var/www/yii/framework/web/CBaseController.php(88): CBaseController->renderInternal('/var/www/ninjal...', Array, true)
#13 /var/www/yii/framework/web/CController.php(866): CBaseController->renderFile('/var/www/ninjal...', Array, true)
#14 /var/www/yii/framework/web/CController.php(779): CController->renderPartial('view', Array, true)
#15 /var/www/ninjalearning/protected/controllers/TutorialController.php(66): CController->render('view', Array)
#16 [internal function]: TutorialController->actionView('59')
#17 /var/www/yii/framework/web/actions/CAction.php(104): ReflectionMethod->invokeArgs(Object(TutorialController), Array)
#18 /var/www/yii/framework/web/actions/CInlineAction.php(48): CAction->runWithParamsInternal(Object(TutorialController), Object(ReflectionMethod), Array)
#19 /var/www/yii/framework/web/CController.php(300): CInlineAction->runWithParams(Array)
#20 /var/www/yii/framework/web/filters/CFilterChain.php(134): CController->runAction(Object(CInlineAction))
#21 /var/www/yii/framework/web/filters/CFilter.php(41): CFilterChain->run()
#22 /var/www/yii/framework/web/CController.php(1144): CFilter->filter(Object(CFilterChain))
#23 /var/www/yii/framework/web/filters/CInlineFilter.php(59): CController->filterAccessControl(Object(CFilterChain))
#24 /var/www/yii/framework/web/filters/CFilterChain.php(131): CInlineFilter->filter(Object(CFilterChain))
#25 /var/www/yii/framework/web/CController.php(283): CFilterChain->run()
#26 /var/www/yii/framework/web/CController.php(257): CController->runActionWithFilters(Object(CInlineAction), Array)
#27 /var/www/yii/framework/web/CWebApplication.php(277): CController->run('view')
#28 /var/www/yii/framework/web/CWebApplication.php(136): CWebApplication->runController('tutorial/view')
#29 /var/www/yii/framework/base/CApplication.php(158): CWebApplication->processRequest()
#30 /var/www/ninjalearning/index.php(13): CApplication->run()
#31 {main} REQUEST_URI=/ninjalearning/index.php?r=tutorial/view&id=59
2011/08/03 15:44:45 [error] [exception.CHttpException.404] exception 'CHttpException' with message 'Unable to resolve the request "chap".' in /var/www/yii/framework/web/CWebApplication.php:281
Stack trace:
#0 /var/www/yii/framework/web/CWebApplication.php(136): CWebApplication->runController('chap')
#1 /var/www/yii/framework/base/CApplication.php(158): CWebApplication->processRequest()
#2 /var/www/ninjalearning/index.php(13): CApplication->run()
#3 {main} REQUEST_URI=/ninjalearning/index.php?r=chap
2011/08/03 15:48:24 [error] [exception.CHttpException.404] exception 'CHttpException' with message 'The requested page does not exist.' in /var/www/ninjalearning/protected/controllers/TutorialController.php:173
Stack trace:
#0 /var/www/ninjalearning/protected/controllers/TutorialController.php(56): TutorialController->loadModel('82')
#1 [internal function]: TutorialController->actionView('82')
#2 /var/www/yii/framework/web/actions/CAction.php(104): ReflectionMethod->invokeArgs(Object(TutorialController), Array)
#3 /var/www/yii/framework/web/actions/CInlineAction.php(48): CAction->runWithParamsInternal(Object(TutorialController), Object(ReflectionMethod), Array)
#4 /var/www/yii/framework/web/CController.php(300): CInlineAction->runWithParams(Array)
#5 /var/www/yii/framework/web/filters/CFilterChain.php(134): CController->runAction(Object(CInlineAction))
#6 /var/www/yii/framework/web/filters/CFilter.php(41): CFilterChain->run()
#7 /var/www/yii/framework/web/CController.php(1144): CFilter->filter(Object(CFilterChain))
#8 /var/www/yii/framework/web/filters/CInlineFilter.php(59): CController->filterAccessControl(Object(CFilterChain))
#9 /var/www/yii/framework/web/filters/CFilterChain.php(131): CInlineFilter->filter(Object(CFilterChain))
#10 /var/www/yii/framework/web/CController.php(283): CFilterChain->run()
#11 /var/www/yii/framework/web/CController.php(257): CController->runActionWithFilters(Object(CInlineAction), Array)
#12 /var/www/yii/framework/web/CWebApplication.php(277): CController->run('view')
#13 /var/www/yii/framework/web/CWebApplication.php(136): CWebApplication->runController('tutorial/view')
#14 /var/www/yii/framework/base/CApplication.php(158): CWebApplication->processRequest()
#15 /var/www/ninjalearning/index.php(13): CApplication->run()
#16 {main} REQUEST_URI=/ninjalearning/index.php?r=tutorial/view&id=82
2011/08/03 15:48:40 [error] [exception.CHttpException.404] exception 'CHttpException' with message 'The requested page does not exist.' in /var/www/ninjalearning/protected/controllers/TutorialController.php:173
Stack trace:
#0 /var/www/ninjalearning/protected/controllers/TutorialController.php(56): TutorialController->loadModel('93')
#1 [internal function]: TutorialController->actionView('93')
#2 /var/www/yii/framework/web/actions/CAction.php(104): ReflectionMethod->invokeArgs(Object(TutorialController), Array)
#3 /var/www/yii/framework/web/actions/CInlineAction.php(48): CAction->runWithParamsInternal(Object(TutorialController), Object(ReflectionMethod), Array)
#4 /var/www/yii/framework/web/CController.php(300): CInlineAction->runWithParams(Array)
#5 /var/www/yii/framework/web/filters/CFilterChain.php(134): CController->runAction(Object(CInlineAction))
#6 /var/www/yii/framework/web/filters/CFilter.php(41): CFilterChain->run()
#7 /var/www/yii/framework/web/CController.php(1144): CFilter->filter(Object(CFilterChain))
#8 /var/www/yii/framework/web/filters/CInlineFilter.php(59): CController->filterAccessControl(Object(CFilterChain))
#9 /var/www/yii/framework/web/filters/CFilterChain.php(131): CInlineFilter->filter(Object(CFilterChain))
#10 /var/www/yii/framework/web/CController.php(283): CFilterChain->run()
#11 /var/www/yii/framework/web/CController.php(257): CController->runActionWithFilters(Object(CInlineAction), Array)
#12 /var/www/yii/framework/web/CWebApplication.php(277): CController->run('view')
#13 /var/www/yii/framework/web/CWebApplication.php(136): CWebApplication->runController('tutorial/view')
#14 /var/www/yii/framework/base/CApplication.php(158): CWebApplication->processRequest()
#15 /var/www/ninjalearning/index.php(13): CApplication->run()
#16 {main} REQUEST_URI=/ninjalearning/index.php?r=tutorial/view&id=93
2011/08/09 15:31:54 [error] [php] file_get_contents(http://stella.se.rit.edu/tests/tutorial/index.html) [<a href='function.file-get-contents'>function.file-get-contents</a>]: failed to open stream: HTTP request failed! HTTP/1.1 400 Bad Request
 (/var/www/ninjalearning/protected/models/WebCrawler.php:104)
Stack trace:
#0 /var/www/ninjalearning/protected/models/WebCrawler.php(192): WebCrawler->getATags()
#1 /var/www/ninjalearning/protected/models/Tutorial.php(118): WebCrawler->getSubLinks()
#2 /var/www/ninjalearning/protected/models/Tutorial.php(159): Tutorial->tutorialWebCrawler()
#3 /var/www/ninjalearning/protected/controllers/TutorialController.php(85): Tutorial->save()
#4 /var/www/yii/framework/web/actions/CInlineAction.php(50): TutorialController->actionCreate()
#5 /var/www/yii/framework/web/CController.php(300): CInlineAction->runWithParams()
#6 /var/www/yii/framework/web/filters/CFilterChain.php(134): TutorialController->runAction()
#7 /var/www/yii/framework/web/filters/CFilter.php(41): CFilterChain->run()
#8 /var/www/yii/framework/web/CController.php(1144): CAccessControlFilter->filter()
#9 /var/www/yii/framework/web/filters/CInlineFilter.php(59): TutorialController->filterAccessControl()
#10 /var/www/yii/framework/web/filters/CFilterChain.php(131): CInlineFilter->filter()
#11 /var/www/yii/framework/web/CController.php(283): CFilterChain->run()
#12 /var/www/yii/framework/web/CController.php(257): TutorialController->runActionWithFilters()
#13 /var/www/yii/framework/web/CWebApplication.php(277): TutorialController->run()
#14 /var/www/yii/framework/web/CWebApplication.php(136): CWebApplication->runController()
#15 /var/www/yii/framework/base/CApplication.php(158): CWebApplication->processRequest()
#16 /var/www/ninjalearning/index.php(13): CWebApplication->run()
REQUEST_URI=/ninjalearning/index.php?r=tutorial/create
in /var/www/ninjalearning/protected/models/WebCrawler.php (104)
in /var/www/ninjalearning/protected/models/WebCrawler.php (136)
in /var/www/ninjalearning/protected/models/WebCrawler.php (192)
2011/08/09 15:32:53 [warning] [application] Failed to set unsafe attribute "content" of "Chapter".
in /var/www/ninjalearning/protected/models/Tutorial.php (133)
in /var/www/ninjalearning/protected/models/Tutorial.php (159)
in /var/www/ninjalearning/protected/controllers/TutorialController.php (85)
2011/08/09 15:32:53 [warning] [application] Failed to set unsafe attribute "content" of "Chapter".
in /var/www/ninjalearning/protected/models/Tutorial.php (133)
in /var/www/ninjalearning/protected/models/Tutorial.php (159)
in /var/www/ninjalearning/protected/controllers/TutorialController.php (85)
2011/08/09 15:32:53 [warning] [application] Failed to set unsafe attribute "content" of "Chapter".
in /var/www/ninjalearning/protected/models/Tutorial.php (133)
in /var/www/ninjalearning/protected/models/Tutorial.php (159)
in /var/www/ninjalearning/protected/controllers/TutorialController.php (85)
